<?xml version="1.0" encoding="UTF-8"?>
<testsuite xmlns:xsi="http://www.w3.org/2001/XMLSchema-instance" xsi:noNamespaceSchemaLocation="https://maven.apache.org/surefire/maven-surefire-plugin/xsd/surefire-test-report.xsd" version="3.0.2" name="cl.duoc.cordillera.kpiservice.controller.KpiControllerTest" time="6.092" tests="9" errors="0" skipped="0" failures="0" flakes="0">
  <properties>
[...]
</properties>
  <testcase name="delete_debeRetornarNoContent" classname="cl.duoc.cordillera.kpiservice.controller.KpiControllerTest" time="4.938">
    <system-out><![CDATA[18:45:23.669 [main] INFO org.hibernate.validator.internal.util.Version -- HV000001: Hibernate Validator 9.0.1.Final
18:45:24.959 [main] INFO org.springframework.mock.web.MockServletContext -- Initializing Spring TestDispatcherServlet ''
18:45:24.963 [main] INFO org.springframework.test.web.servlet.TestDispatcherServlet -- Initializing Servlet ''
18:45:24.973 [main] INFO org.springframework.test.web.servlet.TestDispatcherServlet -- Completed initialization in 7 ms
]]></system-out>
  </testcase>
  <testcase name="getByCategoria_debeRetornarKpisDeLaCategoria" classname="cl.duoc.cordillera.kpiservice.controller.KpiControllerTest" time="0.444">
    <system-out><![CDATA[18:45:25.328 [main] INFO org.springframework.mock.web.MockServletContext -- Initializing Spring TestDispatcherServlet ''
18:45:25.328 [main] INFO org.springframework.test.web.servlet.TestDispatcherServlet -- Initializing Servlet ''
18:45:25.329 [main] INFO org.springframework.test.web.servlet.TestDispatcherServlet -- Completed initialization in 1 ms
]]></system-out>
  </testcase>
  <testcase name="getById_debeRetornarNotFoundCuandoKpiNoExiste" classname="cl.duoc.cordillera.kpiservice.controller.KpiControllerTest" time="0.094">
    <system-out><![CDATA[18:45:25.787 [main] INFO org.springframework.mock.web.MockServletContext -- Initializing Spring TestDispatcherServlet ''
18:45:25.788 [main] INFO org.springframework.test.web.servlet.TestDispatcherServlet -- Initializing Servlet ''
18:45:25.789 [main] INFO org.springframework.test.web.servlet.TestDispatcherServlet -- Completed initialization in 1 ms
]]></system-out>
  </testcase>
  <testcase name="create_debeRetornarCreatedConElKpiGuardado" classname="cl.duoc.cordillera.kpiservice.controller.KpiControllerTest" time="0.284">
    <system-out><![CDATA[18:45:25.866 [main] INFO org.springframework.mock.web.MockServletContext -- Initializing Spring TestDispatcherServlet ''
18:45:25.867 [main] INFO org.springframework.test.web.servlet.TestDispatcherServlet -- Initializing Servlet ''
18:45:25.867 [main] INFO org.springframework.test.web.servlet.TestDispatcherServlet -- Completed initialization in 0 ms
]]></system-out>
  </testcase>
  <testcase name="getByCategoria_debeRetornarListaVaciaParaCategoriaInexistente" classname="cl.duoc.cordillera.kpiservice.controller.KpiControllerTest" time="0.076">
    <system-out><![CDATA[18:45:26.153 [main] INFO org.springframework.mock.web.MockServletContext -- Initializing Spring TestDispatcherServlet ''
18:45:26.153 [main] INFO org.springframework.test.web.servlet.TestDispatcherServlet -- Initializing Servlet ''
18:45:26.154 [main] INFO org.springframework.test.web.servlet.TestDispatcherServlet -- Completed initialization in 1 ms
]]></system-out>
  </testcase>
  <testcase name="getById_debeRetornarOkCuandoExiste" classname="cl.duoc.cordillera.kpiservice.controller.KpiControllerTest" time="0.052">
    <system-out><![CDATA[18:45:26.226 [main] INFO org.springframework.mock.web.MockServletContext -- Initializing Spring TestDispatcherServlet ''
18:45:26.227 [main] INFO org.springframework.test.web.servlet.TestDispatcherServlet -- Initializing Servlet ''
18:45:26.227 [main] INFO org.springframework.test.web.servlet.TestDispatcherServlet -- Completed initialization in 0 ms
]]></system-out>
  </testcase>
  <testcase name="getAll_debeRetornarOkConListaDeKpis" classname="cl.duoc.cordillera.kpiservice.controller.KpiControllerTest" time="0.045">
    <system-out><![CDATA[18:45:26.277 [main] INFO org.springframework.mock.web.MockServletContext -- Initializing Spring TestDispatcherServlet ''
18:45:26.278 [main] INFO org.springframework.test.web.servlet.TestDispatcherServlet -- Initializing Servlet ''
18:45:26.278 [main] INFO org.springframework.test.web.servlet.TestDispatcherServlet -- Completed initialization in 0 ms
]]></system-out>
  </testcase>
  <testcase name="getAll_debeRetornarListaVaciaCuandoNoHayKpis" classname="cl.duoc.cordillera.kpiservice.controller.KpiControllerTest" time="0.061">
    <system-out><![CDATA[18:45:26.331 [main] INFO org.springframework.mock.web.MockServletContext -- Initializing Spring TestDispatcherServlet ''
18:45:26.331 [main] INFO org.springframework.test.web.servlet.TestDispatcherServlet -- Initializing Servlet ''
18:45:26.331 [main] INFO org.springframework.test.web.servlet.TestDispatcherServlet -- Completed initialization in 0 ms
]]></system-out>
  </testcase>
  <testcase name="update_debeRetornarOkConDatosActualizados" classname="cl.duoc.cordillera.kpiservice.controller.KpiControllerTest" time="0.076">
    <system-out><![CDATA[18:45:26.398 [main] INFO org.springframework.mock.web.MockServletContext -- Initializing Spring TestDispatcherServlet ''
18:45:26.398 [main] INFO org.springframework.test.web.servlet.TestDispatcherServlet -- Initializing Servlet ''
18:45:26.399 [main] INFO org.springframework.test.web.servlet.TestDispatcherServlet -- Completed initialization in 1 ms
]]></system-out>
  </testcase>
</testsuite>